<?xml version="1.0" encoding="UTF-8"?>
<!-- Generated by org.testng.reporters.JUnitXMLReporter -->
<testsuite hostname="lenovo-PC" ignored="0" name="Facebook" tests="3" failures="1" timestamp="17 Sep 2017 18:06:59 GMT" time="16.583" errors="0">
  <testcase name="loginPage" time="0.031" classname="selenium.automation.test.base.KeywordGeneralTest"/>
  <testcase name="loginPage" time="9.991" classname="selenium.automation.test.base.KeywordGeneralTest"/>
  <testcase name="loginPage" time="10.107" classname="selenium.automation.test.base.KeywordGeneralTest">
    <failure type="org.testng.internal.reflect.MethodMatcherException" message="
Data provider mismatch
Method: loginPage([Parameter{index=0, type=java.lang.String, declaredAnnotations=[]}, Parameter{index=1, type=java.lang.String, declaredAnnotations=[]}, Parameter{index=2, type=java.lang.String, declaredAnnotations=[]}, Parameter{index=3, type=java.lang.String, declaredAnnotations=[]}, Parameter{index=4, type=java.lang.String, declaredAnnotations=[]}, Parameter{index=5, type=java.lang.String, declaredAnnotations=[]}])
Arguments: [(java.lang.String),(java.lang.String)click,(java.lang.String)Đăng ký,(java.lang.String)link,(java.lang.String),(java.lang.String),(java.lang.String)]">
      <![CDATA[org.testng.internal.reflect.MethodMatcherException: 
Data provider mismatch
Method: loginPage([Parameter{index=0, type=java.lang.String, declaredAnnotations=[]}, Parameter{index=1, type=java.lang.String, declaredAnnotations=[]}, Parameter{index=2, type=java.lang.String, declaredAnnotations=[]}, Parameter{index=3, type=java.lang.String, declaredAnnotations=[]}, Parameter{index=4, type=java.lang.String, declaredAnnotations=[]}, Parameter{index=5, type=java.lang.String, declaredAnnotations=[]}])
Arguments: [(java.lang.String),(java.lang.String)click,(java.lang.String)Đăng ký,(java.lang.String)link,(java.lang.String),(java.lang.String),(java.lang.String)]
... Removed 20 stack frames]]>
    </failure>
  </testcase> <!-- loginPage -->
</testsuite> <!-- Facebook -->
