<?xml version="1.0" encoding="UTF-8"?>
<!-- Generated by org.testng.reporters.JUnitXMLReporter -->
<testsuite hostname="lenovo-PC" ignored="0" name="Facebook" tests="13" failures="0" timestamp="16 Sep 2017 19:46:35 GMT" time="23.865" errors="0">
  <testcase name="loginPage" time="0.015" classname="selenium.automation.test.cases.TestFacebookLogin"/>
  <testcase name="loginPage" time="3.573" classname="selenium.automation.test.cases.TestFacebookLogin"/>
  <testcase name="loginPage" time="0.974" classname="selenium.automation.test.cases.TestFacebookLogin"/>
  <testcase name="loginPage" time="0.105" classname="selenium.automation.test.cases.TestFacebookLogin"/>
  <testcase name="loginPage" time="2.446" classname="selenium.automation.test.cases.TestFacebookLogin"/>
  <testcase name="loginPage" time="0.409" classname="selenium.automation.test.cases.TestFacebookLogin"/>
  <testcase name="loginPage" time="0.002" classname="selenium.automation.test.cases.TestFacebookLogin"/>
  <testcase name="loginPage" time="1.015" classname="selenium.automation.test.cases.TestFacebookLogin"/>
  <testcase name="loginPage" time="0.1" classname="selenium.automation.test.cases.TestFacebookLogin"/>
  <testcase name="loginPage" time="0.097" classname="selenium.automation.test.cases.TestFacebookLogin"/>
  <testcase name="loginPage" time="1.48" classname="selenium.automation.test.cases.TestFacebookLogin"/>
  <testcase name="loginPagePOM" time="4.048" classname="selenium.automation.test.cases.TestFacebookLogin"/>
  <testcase name="loginPagePOM" time="2.33" classname="selenium.automation.test.cases.TestFacebookLogin"/>
</testsuite> <!-- Facebook -->
