<?xml version="1.0" encoding="UTF-8"?>
<!-- Generated by org.testng.reporters.JUnitXMLReporter -->
<testsuite hostname="lenovo-PC" ignored="0" name="KeywordGeneralTest" tests="21" failures="1" timestamp="17 Sep 2017 19:06:23 GMT" time="30.502" errors="0">
  <testcase name="loginPage" time="0.0" classname="selenium.automation.test.base.KeywordGeneralTest"/>
  <testcase name="loginPage" time="7.737" classname="selenium.automation.test.base.KeywordGeneralTest"/>
  <testcase name="loginPage" time="4.332" classname="selenium.automation.test.base.KeywordGeneralTest"/>
  <testcase name="loginPage" time="2.415" classname="selenium.automation.test.base.KeywordGeneralTest"/>
  <testcase name="loginPage" time="0.322" classname="selenium.automation.test.base.KeywordGeneralTest"/>
  <testcase name="loginPage" time="0.094" classname="selenium.automation.test.base.KeywordGeneralTest"/>
  <testcase name="loginPage" time="0.162" classname="selenium.automation.test.base.KeywordGeneralTest"/>
  <testcase name="loginPage" time="0.155" classname="selenium.automation.test.base.KeywordGeneralTest"/>
  <testcase name="loginPage" time="0.142" classname="selenium.automation.test.base.KeywordGeneralTest"/>
  <testcase name="loginPage" time="0.132" classname="selenium.automation.test.base.KeywordGeneralTest"/>
  <testcase name="loginPage" time="0.092" classname="selenium.automation.test.base.KeywordGeneralTest"/>
  <testcase name="loginPage" time="0.103" classname="selenium.automation.test.base.KeywordGeneralTest"/>
  <testcase name="loginPage" time="1.848" classname="selenium.automation.test.base.KeywordGeneralTest"/>
  <testcase name="loginPage" time="0.811" classname="selenium.automation.test.base.KeywordGeneralTest"/>
  <testcase name="loginPage" time="1.302" classname="selenium.automation.test.base.KeywordGeneralTest"/>
  <testcase name="loginPage" time="1.238" classname="selenium.automation.test.base.KeywordGeneralTest"/>
  <testcase name="loginPage" time="0.112" classname="selenium.automation.test.base.KeywordGeneralTest"/>
  <testcase name="loginPage" time="1.577" classname="selenium.automation.test.base.KeywordGeneralTest"/>
  <testcase name="loginPage" time="1.666" classname="selenium.automation.test.base.KeywordGeneralTest"/>
  <testcase name="loginPage" time="0.001" classname="selenium.automation.test.base.KeywordGeneralTest">
    <failure type="java.lang.NullPointerException">
      <![CDATA[java.lang.NullPointerException
	at org.openqa.selenium.remote.RemoteWebDriver.findElement(RemoteWebDriver.java:408)
	at selenium.automation.webdriver.UIOperation.performance(UIOperation.java:69)
	at selenium.automation.test.base.KeywordGeneralTest.loginPage(KeywordGeneralTest.java:29)
... Removed 24 stack frames]]>
    </failure>
  </testcase> <!-- loginPage -->
  <testcase name="loginPage" time="1.293" classname="selenium.automation.test.base.KeywordGeneralTest"/>
</testsuite> <!-- KeywordGeneralTest -->
