<?xml version="1.0" encoding="UTF-8"?>
<testng-results skipped="0" failed="0" ignored="0" total="1" passed="1">
  <reporter-output>
  </reporter-output>
  <suite name="Default suite" duration-ms="7803" started-at="2017-09-16T19:50:58Z" finished-at="2017-09-16T19:51:05Z">
    <groups>
    </groups>
    <test name="Default test" duration-ms="7803" started-at="2017-09-16T19:50:58Z" finished-at="2017-09-16T19:51:05Z">
      <class name="selenium.automation.test.cases.JavaSE_Test">
        <test-method status="PASS" signature="initDriver(java.lang.String)[pri:0, instance:selenium.automation.test.cases.JavaSE_Test@13deb50e]" name="initDriver" is-config="true" duration-ms="4612" started-at="2017-09-17T02:50:58Z" finished-at="2017-09-17T02:51:02Z">
          <params>
            <param index="0">
              <value>
                <![CDATA[CHROME]]>
              </value>
            </param>
          </params>
          <reporter-output>
          </reporter-output>
        </test-method> <!-- initDriver -->
        <test-method status="PASS" signature="Login()[pri:0, instance:selenium.automation.test.cases.JavaSE_Test@13deb50e]" name="Login" duration-ms="2594" started-at="2017-09-17T02:51:02Z" finished-at="2017-09-17T02:51:05Z">
          <reporter-output>
          </reporter-output>
        </test-method> <!-- Login -->
        <test-method status="PASS" signature="quite()[pri:0, instance:selenium.automation.test.cases.JavaSE_Test@13deb50e]" name="quite" is-config="true" duration-ms="579" started-at="2017-09-17T02:51:05Z" finished-at="2017-09-17T02:51:05Z">
          <reporter-output>
          </reporter-output>
        </test-method> <!-- quite -->
      </class> <!-- selenium.automation.test.cases.JavaSE_Test -->
    </test> <!-- Default test -->
  </suite> <!-- Default suite -->
</testng-results>
